  main.cpp
C:\Users\Mr.Goku\source\repos\HIVE22\main.cpp(17,34): warning C4244: “初始化”: 从“double”转换到“float”，可能丢失数据
C:\Users\Mr.Goku\source\repos\HIVE22\main.cpp(17,23): warning C4244: “初始化”: 从“double”转换到“const float”，可能丢失数据
C:\Users\Mr.Goku\source\repos\HIVE22\main.cpp(348,52): warning C4244: “参数”: 从“int”转换到“float”，可能丢失数据
C:\Users\Mr.Goku\source\repos\HIVE22\main.cpp(362,66): warning C4244: “参数”: 从“int”转换到“T”，可能丢失数据
C:\Users\Mr.Goku\source\repos\HIVE22\main.cpp(362,66): warning C4244:         with
C:\Users\Mr.Goku\source\repos\HIVE22\main.cpp(362,66): warning C4244:         [
C:\Users\Mr.Goku\source\repos\HIVE22\main.cpp(362,66): warning C4244:             T=float
C:\Users\Mr.Goku\source\repos\HIVE22\main.cpp(362,66): warning C4244:         ]
C:\Users\Mr.Goku\source\repos\HIVE22\main.cpp(370,56): warning C4244: “参数”: 从“int”转换到“float”，可能丢失数据
C:\Program Files\Microsoft Visual Studio\2022\Community\VC\Tools\MSVC\14.41.34120\include\xutility(4689,18): warning C4244: “=”: 从“const wchar_t”转换到“char”，可能丢失数据
  (编译源文件“main.cpp”)
      C:\Program Files\Microsoft Visual Studio\2022\Community\VC\Tools\MSVC\14.41.34120\include\xutility(4689,18):
      模板实例化上下文(最早的实例化上下文)为
          C:\Users\Mr.Goku\source\repos\HIVE22\main.cpp(200,42):
          查看对正在编译的函数 模板 实例化“std::basic_string<char,std::char_traits<char>,std::allocator<char>>::basic_string<std::_String_const_iterator<std::_String_val<std::_Simple_types<_Elem>>>,0>(_Iter,_Iter,const _Alloc &)”的引用
          with
          [
              _Elem=wchar_t,
              _Iter=std::_String_const_iterator<std::_String_val<std::_Simple_types<wchar_t>>>,
              _Alloc=std::allocator<char>
          ]
              C:\Users\Mr.Goku\source\repos\HIVE22\main.cpp(200,9):
              请参阅 "main" 中对 "std::basic_string<char,std::char_traits<char>,std::allocator<char>>::basic_string" 的第一个引用
          C:\Program Files\Microsoft Visual Studio\2022\Community\VC\Tools\MSVC\14.41.34120\include\xstring(793,17):
          查看对正在编译的函数 模板 实例化“void std::basic_string<char,std::char_traits<char>,std::allocator<char>>::_Construct_from_iter<const wchar_t*,const wchar_t*,_Size_type>(_Iter,const _Sent,_Size)”的引用
          with
          [
              _Size_type=unsigned __int64,
              _Iter=const wchar_t *,
              _Sent=const wchar_t *,
              _Size=unsigned __int64
          ]
          C:\Program Files\Microsoft Visual Studio\2022\Community\VC\Tools\MSVC\14.41.34120\include\xstring(949,18):
          查看对正在编译的函数 模板 实例化“_OutIt *std::_Copy_n_unchecked4<const wchar_t*,_Size,char*>(_InIt,_SizeTy,_OutIt)”的引用
          with
          [
              _OutIt=char *,
              _Size=unsigned __int64,
              _InIt=const wchar_t *,
              _SizeTy=unsigned __int64
          ]
  
  HIVE22.vcxproj -> C:\Users\Mr.Goku\source\repos\HIVE22\x64\Debug\HIVE22.exe
